<?xml version="1.0" encoding="UTF-8"?>
<!-- Generated by org.testng.reporters.JUnitReportReporter -->
<testsuite hostname="DST47190" name="com.automation.test.TestNGTest" tests="2" failures="0" timestamp="21 Apr 2014 09:46:51 GMT" time="0.012" errors="0">
  <testcase name="DataDrivenTestDemo" time="0.008" classname="com.automation.test.TestNGTest"/>
  <testcase name="DataDrivenTestDemo" time="0.004" classname="com.automation.test.TestNGTest"/>
</testsuite> <!-- com.automation.test.TestNGTest -->
