<?xml version="1.0" encoding="UTF-8"?>
<!-- Generated by org.testng.reporters.JUnitReportReporter -->
<testsuite hostname="DST47190" name="com.mobile.test.AppiumTests" tests="1" failures="0" timestamp="19 Mar 2014 03:32:46 GMT" time="97.121" errors="0">
  <testcase name="f" time="97.121" classname="com.mobile.test.AppiumTests"/>
</testsuite> <!-- com.mobile.test.AppiumTests -->
