<?xml version="1.0" encoding="UTF-8"?>
<!-- Generated by org.testng.reporters.JUnitReportReporter -->
<testsuite hostname="DST47190" name="com.unit.test.TestNGCaseBaseTests" tests="3" failures="0" timestamp="13 Mar 2014 09:25:39 GMT" time="0.096" errors="0">
  <testcase name="testResult" time="0.035" classname="com.unit.test.TestNGCaseBaseTests"/>
  <testcase name="testOver" time="0.035" classname="com.unit.test.TestNGCaseBaseTests"/>
  <testcase name="testReport" time="0.026" classname="com.unit.test.TestNGCaseBaseTests"/>
</testsuite> <!-- com.unit.test.TestNGCaseBaseTests -->
